<?xml version="1.0" encoding="UTF-8"?>
<!-- Generated by org.testng.reporters.JUnitReportReporter -->
<testsuite hostname="RPSPLDP1-35" failures="0" tests="4" name="TestPackage.TestFunda" time="55.807" errors="0" timestamp="24 Jun 2019 09:53:22 GMT" skipped="0">
  <testcase classname="TestPackage.TestFunda" name="print" time="10.273"/>
  <testcase classname="TestPackage.TestFunda" name="print" time="7.494"/>
  <testcase classname="TestPackage.TestFunda" name="Funda" time="19.959"/>
  <testcase classname="TestPackage.TestFunda" name="Funda" time="18.081"/>
</testsuite> <!-- TestPackage.TestFunda -->
