<?xml version="1.0" encoding="UTF-8"?>
<!-- Generated by org.testng.reporters.JUnitReportReporter -->
<testsuite hostname="RPSPLDP1-35" failures="0" tests="2" name="TestPackage.TestFunda" time="30.011" errors="0" timestamp="25 Jun 2019 11:20:40 GMT" skipped="0">
  <testcase classname="TestPackage.TestFunda" name="Funda" time="19.379"/>
  <testcase classname="TestPackage.TestFunda" name="print" time="10.632"/>
</testsuite> <!-- TestPackage.TestFunda -->
