<?xml version="1.0" encoding="UTF-8"?>
<!-- Generated by org.testng.reporters.JUnitReportReporter -->
<testsuite hostname="RPSPLDP1-35" failures="0" tests="2" name="TestPackage.TestFunda" time="35.107" errors="0" timestamp="09 Jul 2019 09:05:24 GMT" skipped="0">
  <testcase classname="TestPackage.TestFunda" name="Funda" time="24.124"/>
  <testcase classname="TestPackage.TestFunda" name="print" time="10.983"/>
</testsuite> <!-- TestPackage.TestFunda -->
